[2018-04-08]	1、支持的功能：
				创建SVN仓库，并以邮件的方式通知仓库对应的项目负责人；
				创建SVN仓库的一级目录；
				重命名仓库；
				删除仓库；
				创建用户组；
				删除用户组；
				创建用户：根据提供的员工邮箱，生成用户账号、密码，创建用户，并以邮件的方式通知到员工，同时将新建的账号列表通知到管理员；
				删除用户；
				SVN仓库添加用户：为仓库添加用户，并以邮件的方式通知到用户，同时以邮件的方式将添加的用户列表通知到仓库对应的项目负责人；
				仓库条目权限控制：仓库中的指定路径，对给定的用户赋予权限，支持NoAccess\ReadOnly\ReadWrite

				2、限制及缺少的功能
				仅支持Windows平台运行；
				仅支持Windows平台的VisualSVN Server的管理；
				仅支持Microsoft Excel 2010及以上版本的Excel；
				暂不支持创建仓库下的多级目录；
				暂不支持为用户组添加用户、为用户指定用户组；
				暂不支持为仓库添加用户组的访问权限；
				暂不支持从组中移除用户；
				暂不支持移除用户对SVN仓库的访问权限；
				暂不支持移除用户对仓库条目的特殊权限设置


[2018-04-26]	1、新增功能
				支持为用户组添加用户、为用户指定用户组；
				支持为仓库添加用户组的访问权限；

				2、限制及缺少的功能
				仅支持Windows平台运行；
				仅支持Windows平台的VisualSVN Server的管理；
				仅支持Microsoft Excel 2010及以上版本的Excel；
				暂不支持创建仓库下的多级目录；
				暂不支持从组中移除用户；
				暂不支持移除用户对SVN仓库的访问权限；
				暂不支持移除用户对仓库条目的特殊权限设置


[2018-06-25]	1、新增功能
				支持创建仓库下的多级目录；

				2、限制及缺少的功能
				仅支持Windows平台运行；
				仅支持Windows平台的VisualSVN Server的管理；
				仅支持Microsoft Excel 2010及以上版本的Excel；
				暂不支持从组中移除用户；
				暂不支持移除用户对SVN仓库的访问权限；
				暂不支持移除用户对仓库条目的特殊权限设置


[2018-08-03]	1、新增功能
				支持从组中移除用户；
				支持移除用户对SVN仓库的访问权限；
				支持移除用户对仓库条目的特殊权限设置；

				2、限制及缺少的功能
				仅支持Windows平台运行；
				仅支持Windows平台的VisualSVN Server的管理；
				仅支持Microsoft Excel 2010及以上版本的Excel；
